CRITICAL - 2025-09-25 08:00:56 --> Error: Class "App\Helpers\UserHelper" not found
[Method: GET, Route: /]
in APPPATH\Views\admin\header.php on line 11.
 1 SYSTEMPATH\View\View.php(226): include()
 2 SYSTEMPATH\View\View.php(229): CodeIgniter\View\View->CodeIgniter\View\{closure}()
 3 SYSTEMPATH\View\View.php(475): CodeIgniter\View\View->render('admin/header', null, true)
 4 APPPATH\Views\admin\dashboard\dashboard.php(11): CodeIgniter\View\View->include('admin/header')
 5 SYSTEMPATH\View\View.php(226): include('C:\\xampp\\htdocs\\HMS\\app\\Views\\admin\\dashboard\\dashboard.php')
 6 SYSTEMPATH\View\View.php(229): CodeIgniter\View\View->CodeIgniter\View\{closure}()
 7 SYSTEMPATH\Common.php(1167): CodeIgniter\View\View->render('admin/dashboard/dashboard', [], true)
 8 APPPATH\Controllers\Home.php(9): view('admin/dashboard/dashboard')
 9 SYSTEMPATH\CodeIgniter.php(933): App\Controllers\Home->index()
10 SYSTEMPATH\CodeIgniter.php(507): CodeIgniter\CodeIgniter->runController(Object(App\Controllers\Home))
11 SYSTEMPATH\CodeIgniter.php(354): CodeIgniter\CodeIgniter->handleRequest(null, Object(Config\Cache), false)
12 SYSTEMPATH\Boot.php(363): CodeIgniter\CodeIgniter->run()
13 SYSTEMPATH\Boot.php(68): CodeIgniter\Boot::runCodeIgniter(Object(CodeIgniter\CodeIgniter))
14 FCPATH\index.php(59): CodeIgniter\Boot::bootWeb(Object(Config\Paths))
CRITICAL - 2025-09-25 08:01:00 --> Error: Class "App\Helpers\UserHelper" not found
[Method: GET, Route: /]
in APPPATH\Views\admin\header.php on line 11.
 1 SYSTEMPATH\View\View.php(226): include()
 2 SYSTEMPATH\View\View.php(229): CodeIgniter\View\View->CodeIgniter\View\{closure}()
 3 SYSTEMPATH\View\View.php(475): CodeIgniter\View\View->render('admin/header', null, true)
 4 APPPATH\Views\admin\dashboard\dashboard.php(11): CodeIgniter\View\View->include('admin/header')
 5 SYSTEMPATH\View\View.php(226): include('C:\\xampp\\htdocs\\HMS\\app\\Views\\admin\\dashboard\\dashboard.php')
 6 SYSTEMPATH\View\View.php(229): CodeIgniter\View\View->CodeIgniter\View\{closure}()
 7 SYSTEMPATH\Common.php(1167): CodeIgniter\View\View->render('admin/dashboard/dashboard', [], true)
 8 APPPATH\Controllers\Home.php(9): view('admin/dashboard/dashboard')
 9 SYSTEMPATH\CodeIgniter.php(933): App\Controllers\Home->index()
10 SYSTEMPATH\CodeIgniter.php(507): CodeIgniter\CodeIgniter->runController(Object(App\Controllers\Home))
11 SYSTEMPATH\CodeIgniter.php(354): CodeIgniter\CodeIgniter->handleRequest(null, Object(Config\Cache), false)
12 SYSTEMPATH\Boot.php(363): CodeIgniter\CodeIgniter->run()
13 SYSTEMPATH\Boot.php(68): CodeIgniter\Boot::runCodeIgniter(Object(CodeIgniter\CodeIgniter))
14 FCPATH\index.php(59): CodeIgniter\Boot::bootWeb(Object(Config\Paths))
CRITICAL - 2025-09-25 08:01:20 --> Error: Class "App\Helpers\UserHelper" not found
[Method: GET, Route: /]
in APPPATH\Views\admin\header.php on line 11.
 1 SYSTEMPATH\View\View.php(226): include()
 2 SYSTEMPATH\View\View.php(229): CodeIgniter\View\View->CodeIgniter\View\{closure}()
 3 SYSTEMPATH\View\View.php(475): CodeIgniter\View\View->render('admin/header', null, true)
 4 APPPATH\Views\admin\dashboard\dashboard.php(11): CodeIgniter\View\View->include('admin/header')
 5 SYSTEMPATH\View\View.php(226): include('C:\\xampp\\htdocs\\HMS\\app\\Views\\admin\\dashboard\\dashboard.php')
 6 SYSTEMPATH\View\View.php(229): CodeIgniter\View\View->CodeIgniter\View\{closure}()
 7 SYSTEMPATH\Common.php(1167): CodeIgniter\View\View->render('admin/dashboard/dashboard', [], true)
 8 APPPATH\Controllers\Home.php(9): view('admin/dashboard/dashboard')
 9 SYSTEMPATH\CodeIgniter.php(933): App\Controllers\Home->index()
10 SYSTEMPATH\CodeIgniter.php(507): CodeIgniter\CodeIgniter->runController(Object(App\Controllers\Home))
11 SYSTEMPATH\CodeIgniter.php(354): CodeIgniter\CodeIgniter->handleRequest(null, Object(Config\Cache), false)
12 SYSTEMPATH\Boot.php(363): CodeIgniter\CodeIgniter->run()
13 SYSTEMPATH\Boot.php(68): CodeIgniter\Boot::runCodeIgniter(Object(CodeIgniter\CodeIgniter))
14 FCPATH\index.php(59): CodeIgniter\Boot::bootWeb(Object(Config\Paths))
CRITICAL - 2025-09-25 08:02:12 --> Error: Class "App\Helpers\UserHelper" not found
[Method: GET, Route: /]
in APPPATH\Views\admin\header.php on line 11.
 1 SYSTEMPATH\View\View.php(226): include()
 2 SYSTEMPATH\View\View.php(229): CodeIgniter\View\View->CodeIgniter\View\{closure}()
 3 SYSTEMPATH\View\View.php(475): CodeIgniter\View\View->render('admin/header', null, true)
 4 APPPATH\Views\admin\dashboard\dashboard.php(11): CodeIgniter\View\View->include('admin/header')
 5 SYSTEMPATH\View\View.php(226): include('C:\\xampp\\htdocs\\HMS\\app\\Views\\admin\\dashboard\\dashboard.php')
 6 SYSTEMPATH\View\View.php(229): CodeIgniter\View\View->CodeIgniter\View\{closure}()
 7 SYSTEMPATH\Common.php(1167): CodeIgniter\View\View->render('admin/dashboard/dashboard', [], true)
 8 APPPATH\Controllers\Home.php(9): view('admin/dashboard/dashboard')
 9 SYSTEMPATH\CodeIgniter.php(933): App\Controllers\Home->index()
10 SYSTEMPATH\CodeIgniter.php(507): CodeIgniter\CodeIgniter->runController(Object(App\Controllers\Home))
11 SYSTEMPATH\CodeIgniter.php(354): CodeIgniter\CodeIgniter->handleRequest(null, Object(Config\Cache), false)
12 SYSTEMPATH\Boot.php(363): CodeIgniter\CodeIgniter->run()
13 SYSTEMPATH\Boot.php(68): CodeIgniter\Boot::runCodeIgniter(Object(CodeIgniter\CodeIgniter))
14 FCPATH\index.php(59): CodeIgniter\Boot::bootWeb(Object(Config\Paths))
CRITICAL - 2025-09-25 08:02:24 --> Error: Class "App\Helpers\UserHelper" not found
[Method: GET, Route: /]
in APPPATH\Views\admin\header.php on line 11.
 1 SYSTEMPATH\View\View.php(226): include()
 2 SYSTEMPATH\View\View.php(229): CodeIgniter\View\View->CodeIgniter\View\{closure}()
 3 SYSTEMPATH\View\View.php(475): CodeIgniter\View\View->render('admin/header', null, true)
 4 APPPATH\Views\admin\dashboard\dashboard.php(11): CodeIgniter\View\View->include('admin/header')
 5 SYSTEMPATH\View\View.php(226): include('C:\\xampp\\htdocs\\HMS\\app\\Views\\admin\\dashboard\\dashboard.php')
 6 SYSTEMPATH\View\View.php(229): CodeIgniter\View\View->CodeIgniter\View\{closure}()
 7 SYSTEMPATH\Common.php(1167): CodeIgniter\View\View->render('admin/dashboard/dashboard', [], true)
 8 APPPATH\Controllers\Home.php(9): view('admin/dashboard/dashboard')
 9 SYSTEMPATH\CodeIgniter.php(933): App\Controllers\Home->index()
10 SYSTEMPATH\CodeIgniter.php(507): CodeIgniter\CodeIgniter->runController(Object(App\Controllers\Home))
11 SYSTEMPATH\CodeIgniter.php(354): CodeIgniter\CodeIgniter->handleRequest(null, Object(Config\Cache), false)
12 SYSTEMPATH\Boot.php(363): CodeIgniter\CodeIgniter->run()
13 SYSTEMPATH\Boot.php(68): CodeIgniter\Boot::runCodeIgniter(Object(CodeIgniter\CodeIgniter))
14 FCPATH\index.php(59): CodeIgniter\Boot::bootWeb(Object(Config\Paths))
CRITICAL - 2025-09-25 08:02:28 --> Error: Class "App\Helpers\UserHelper" not found
[Method: GET, Route: /]
in APPPATH\Views\admin\header.php on line 11.
 1 SYSTEMPATH\View\View.php(226): include()
 2 SYSTEMPATH\View\View.php(229): CodeIgniter\View\View->CodeIgniter\View\{closure}()
 3 SYSTEMPATH\View\View.php(475): CodeIgniter\View\View->render('admin/header', null, true)
 4 APPPATH\Views\admin\dashboard\dashboard.php(11): CodeIgniter\View\View->include('admin/header')
 5 SYSTEMPATH\View\View.php(226): include('C:\\xampp\\htdocs\\HMS\\app\\Views\\admin\\dashboard\\dashboard.php')
 6 SYSTEMPATH\View\View.php(229): CodeIgniter\View\View->CodeIgniter\View\{closure}()
 7 SYSTEMPATH\Common.php(1167): CodeIgniter\View\View->render('admin/dashboard/dashboard', [], true)
 8 APPPATH\Controllers\Home.php(9): view('admin/dashboard/dashboard')
 9 SYSTEMPATH\CodeIgniter.php(933): App\Controllers\Home->index()
10 SYSTEMPATH\CodeIgniter.php(507): CodeIgniter\CodeIgniter->runController(Object(App\Controllers\Home))
11 SYSTEMPATH\CodeIgniter.php(354): CodeIgniter\CodeIgniter->handleRequest(null, Object(Config\Cache), false)
12 SYSTEMPATH\Boot.php(363): CodeIgniter\CodeIgniter->run()
13 SYSTEMPATH\Boot.php(68): CodeIgniter\Boot::runCodeIgniter(Object(CodeIgniter\CodeIgniter))
14 FCPATH\index.php(59): CodeIgniter\Boot::bootWeb(Object(Config\Paths))
